<?xml version="1.0" encoding="utf-8"?><testsuites name="pytest tests"><testsuite name="pytest" errors="0" failures="0" skipped="0" tests="8" time="21.952" timestamp="2026-04-17T20:46:55.713861+00:00" hostname="agent-env-0913fb6f-40b0-4ed9-8b92-765963bb266d"><testcase classname="backend.tests.test_new_features" name="test_health" time="0.132" /><testcase classname="backend.tests.test_new_features" name="test_night_summary_english" time="3.170" /><testcase classname="backend.tests.test_new_features" name="test_night_summary_hindi" time="5.141" /><testcase classname="backend.tests.test_new_features" name="test_night_summary_returns_counts" time="3.041" /><testcase classname="backend.tests.test_new_features" name="test_register_push_token" time="0.116" /><testcase classname="backend.tests.test_new_features" name="test_send_night_summary_endpoint_exists" time="7.096" /><testcase classname="backend.tests.test_new_features" name="test_weather_bangalore" time="1.792" /><testcase classname="backend.tests.test_new_features" name="test_briefing_bangalore" time="1.394" /></testsuite></testsuites>