<?xml version="1.0" encoding="utf-8"?><testsuites name="pytest tests"><testsuite name="pytest" errors="0" failures="2" skipped="0" tests="10" time="8.258" timestamp="2026-04-17T20:28:13.447355+00:00" hostname="agent-env-0913fb6f-40b0-4ed9-8b92-765963bb266d"><testcase classname="backend.tests.test_api" name="test_health" time="0.306"><failure message="assert 404 == 200&#10; +  where 404 = &lt;Response [404]&gt;.status_code">backend/tests/test_api.py:16: in test_health
    assert r.status_code == 200
E   assert 404 == 200
E    +  where 404 = &lt;Response [404]&gt;.status_code</failure></testcase><testcase classname="backend.tests.test_api" name="test_news" time="0.920" /><testcase classname="backend.tests.test_api" name="test_weather_default" time="1.763" /><testcase classname="backend.tests.test_api" name="test_weather_mumbai" time="0.147" /><testcase classname="backend.tests.test_api" name="test_movies" time="0.113" /><testcase classname="backend.tests.test_api" name="test_places" time="0.178" /><testcase classname="backend.tests.test_api" name="test_trains" time="0.141" /><testcase classname="backend.tests.test_api" name="test_tasks_create_and_get" time="0.207"><failure message="assert (500 == 200 or 500 == 201)&#10; +  where 500 = &lt;Response [500]&gt;.status_code&#10; +  and   500 = &lt;Response [500]&gt;.status_code">backend/tests/test_api.py:64: in test_tasks_create_and_get
    assert r.status_code == 200 or r.status_code == 201
E   assert (500 == 200 or 500 == 201)
E    +  where 500 = &lt;Response [500]&gt;.status_code
E    +  and   500 = &lt;Response [500]&gt;.status_code</failure></testcase><testcase classname="backend.tests.test_api" name="test_briefing" time="0.197" /><testcase classname="backend.tests.test_api" name="test_chat" time="4.184" /></testsuite></testsuites>